<?xml version="1.0" encoding="UTF-8"?>
<!-- Generated by org.testng.reporters.JUnitReportReporter -->
<testsuite skipped="0" hostname="LAPTOP-QISAM8T7" name="com.mindtree.SmartExecutionTest.AppTest" tests="1" failures="0" timestamp="2022-08-17T16:44:56 IST" time="2.262" errors="0">
  <testcase name="login" time="2.262" classname="com.mindtree.SmartExecutionTest.AppTest"/>
  <system-out/>
</testsuite> <!-- com.mindtree.SmartExecutionTest.AppTest -->
